<?xml version="1.0" encoding="UTF-8"?>
<testsuite name="AppTest" tests="10" skipped="0" failures="0" errors="0" timestamp="2016-04-26T21:03:28" hostname="epicodus-42.local" time="0.722">
  <properties/>
  <testcase name="newTamagotchiActivityLevelTest" classname="AppTest" time="0.379"/>
  <testcase name="newTamagotchiIncreaseActivityLevelTest" classname="AppTest" time="0.04"/>
  <testcase name="rootTest" classname="AppTest" time="0.01"/>
  <testcase name="newTamagotchiFoodLevelTest" classname="AppTest" time="0.018"/>
  <testcase name="newTamagotchiSimulateTimePassesOnClick" classname="AppTest" time="0.048"/>
  <testcase name="newTamagotchiCreationTest" classname="AppTest" time="0.018"/>
  <testcase name="newTamagotchiIncreaseSleepLevelTest" classname="AppTest" time="0.028"/>
  <testcase name="newTamagotchiIncreaseFoodLevelTest" classname="AppTest" time="0.029"/>
  <testcase name="newTamagotchiSleepLevelTest" classname="AppTest" time="0.017"/>
  <testcase name="newTamagotchiLetItDie" classname="AppTest" time="0.096"/>
  <system-out><![CDATA[]]></system-out>
  <system-err><![CDATA[[Thread-4] INFO org.eclipse.jetty.util.log - Logging initialized @636ms
[Thread-4] INFO spark.webserver.JettySparkServer - == Spark has ignited ...
[Thread-4] INFO spark.webserver.JettySparkServer - >> Listening on 0.0.0.0:4567
[Thread-4] INFO org.eclipse.jetty.server.Server - jetty-9.3.2.v20150730
[Thread-4] INFO org.eclipse.jetty.server.ServerConnector - Started ServerConnector@41ee376b{HTTP/1.1,[http/1.1]}{0.0.0.0:4567}
[Thread-4] INFO org.eclipse.jetty.server.Server - Started @752ms
[Test worker] INFO spark.webserver.JettySparkServer - >>> Spark shutting down ...
[Test worker] INFO org.eclipse.jetty.server.ServerConnector - Stopped ServerConnector@41ee376b{HTTP/1.1,[http/1.1]}{0.0.0.0:4567}
[Test worker] INFO spark.webserver.JettySparkServer - done
]]></system-err>
</testsuite>
